[09:33:17] [Server thread/INFO]: Starting minecraft server version 1.7.4
[09:33:17] [Server thread/INFO]: Loading properties
[09:33:17] [Server thread/INFO]: Default game type: SURVIVAL
[09:33:17] [Server thread/INFO]: Generating keypair
[09:33:17] [Server thread/INFO]: Starting Minecraft server on 25.215.138.115:25565
[09:33:17] [Server thread/INFO]: Preparing level "Wrath of the Fallen 1.7"
[09:33:17] [Server thread/INFO]: Preparing start region for level 0
[09:33:18] [Server thread/INFO]: Preparing spawn area: 75%
[09:33:18] [Server thread/INFO]: Done (1.214s)! For help, type "help" or "?"
[09:33:31] [User Authenticator #1/INFO]: UUID of player KittyCatRussia is 6f1d14e1eb62478ca40ba1bbc750d2a0
[09:33:31] [Server thread/INFO]: KittyCatRussia[/25.214.113.112:62592] logged in with entity id 466 at (143.77419378549766, 72.0, 232.59613449556542)
[09:33:31] [Server thread/INFO]: KittyCatRussia joined the game
[09:33:56] [Server thread/INFO]: Opped kittycatrussia
[09:34:01] [User Authenticator #2/INFO]: UUID of player Mrrussiandonkey is cb4f9cea9a6c4ba3946a905f1fae99d0
[09:34:01] [Server thread/INFO]: Mrrussiandonkey[/25.215.138.115:50976] logged in with entity id 1244 at (37.072467269947865, 100.84042937721921, 312.4218240235069)
[09:34:01] [Server thread/INFO]: Mrrussiandonkey joined the game
[09:34:06] [Server thread/WARN]: Can't keep up! Did the system time change, or is the server overloaded? Running 2089ms behind, skipping 41 tick(s)
[09:34:08] [Server thread/INFO]: [Mrrussiandonkey: Changing to clear weather]
[09:34:19] [Server thread/INFO]: KittyCatRussia lost connection: TextComponent{text='Disconnected', siblings=[], style=Style{hasParent=false, color=null, bold=null, italic=null, underlined=null, obfuscated=null, clickEvent=null, hoverEvent=null}}
[09:34:19] [Server thread/INFO]: KittyCatRussia left the game
[09:34:30] [User Authenticator #3/INFO]: UUID of player KittyCatRussia is 6f1d14e1eb62478ca40ba1bbc750d2a0
[09:34:30] [Server thread/INFO]: KittyCatRussia[/25.214.113.112:62614] logged in with entity id 3916 at (140.862035441371, 73.41999998688698, 224.21776428317142)
[09:34:30] [Server thread/INFO]: KittyCatRussia joined the game
[09:34:35] [Server thread/INFO]: [Mrrussiandonkey: Set own game mode to Survival Mode]
[09:34:39] [Server thread/INFO]: [Mrrussiandonkey: Teleported Mrrussiandonkey to KittyCatRussia]
[09:34:47] [Server thread/INFO]: KittyCatRussia lost connection: TextComponent{text='Disconnected', siblings=[], style=Style{hasParent=false, color=null, bold=null, italic=null, underlined=null, obfuscated=null, clickEvent=null, hoverEvent=null}}
[09:34:47] [Server thread/INFO]: KittyCatRussia left the game
[09:34:53] [User Authenticator #4/INFO]: UUID of player KittyCatRussia is 6f1d14e1eb62478ca40ba1bbc750d2a0
[09:34:53] [Server thread/INFO]: KittyCatRussia[/25.214.113.112:62623] logged in with entity id 6049 at (140.862035441371, 73.02799997925757, 224.21776428317142)
[09:34:53] [Server thread/INFO]: KittyCatRussia joined the game
[09:35:00] [Server thread/INFO]: KittyCatRussia lost connection: TextComponent{text='Disconnected', siblings=[], style=Style{hasParent=false, color=null, bold=null, italic=null, underlined=null, obfuscated=null, clickEvent=null, hoverEvent=null}}
[09:35:00] [Server thread/INFO]: KittyCatRussia left the game
[09:36:06] [User Authenticator #5/INFO]: UUID of player KittyCatRussia is 6f1d14e1eb62478ca40ba1bbc750d2a0
[09:36:06] [Server thread/INFO]: KittyCatRussia[/25.214.113.112:62639] logged in with entity id 8352 at (140.862035441371, 73.02799997925757, 224.21776428317142)
[09:36:06] [Server thread/INFO]: KittyCatRussia joined the game
[09:36:32] [Server thread/INFO]: [KittyCatRussia: Set own game mode to Creative Mode]
[09:36:53] [Server thread/INFO]: Mrrussiandonkey lost connection: TextComponent{text='Disconnected', siblings=[], style=Style{hasParent=false, color=null, bold=null, italic=null, underlined=null, obfuscated=null, clickEvent=null, hoverEvent=null}}
[09:36:53] [Server thread/INFO]: Mrrussiandonkey left the game
[09:37:05] [User Authenticator #6/INFO]: UUID of player Mrrussiandonkey is cb4f9cea9a6c4ba3946a905f1fae99d0
[09:37:05] [Server thread/INFO]: Mrrussiandonkey[/25.215.138.115:51015] logged in with entity id 10517 at (126.97236758905964, 76.0, 229.80737788853835)
[09:37:05] [Server thread/INFO]: Mrrussiandonkey joined the game
[09:37:10] [Server thread/INFO]: [Mrrussiandonkey: Teleported Mrrussiandonkey to KittyCatRussia]
[09:37:13] [Server thread/INFO]: [KittyCatRussia: Set own game mode to Creative Mode]
[09:37:18] [Server thread/INFO]: KittyCatRussia lost connection: TextComponent{text='Disconnected', siblings=[], style=Style{hasParent=false, color=null, bold=null, italic=null, underlined=null, obfuscated=null, clickEvent=null, hoverEvent=null}}
[09:37:18] [Server thread/INFO]: KittyCatRussia left the game
[09:37:22] [User Authenticator #7/INFO]: UUID of player KittyCatRussia is 6f1d14e1eb62478ca40ba1bbc750d2a0
[09:37:22] [Server thread/INFO]: KittyCatRussia[/25.214.113.112:62651] logged in with entity id 11268 at (113.04159003760941, 79.0, 233.0215999294728)
[09:37:22] [Server thread/INFO]: KittyCatRussia joined the game
[09:37:28] [Server thread/INFO]: <Mrrussiandonkey> hi
[09:37:30] [Server thread/INFO]: [KittyCatRussia: Set own game mode to Creative Mode]
[09:37:36] [Server thread/INFO]: KittyCatRussia lost connection: TextComponent{text='Disconnected', siblings=[], style=Style{hasParent=false, color=null, bold=null, italic=null, underlined=null, obfuscated=null, clickEvent=null, hoverEvent=null}}
[09:37:36] [Server thread/INFO]: KittyCatRussia left the game
[09:37:38] [Server thread/INFO]: Mrrussiandonkey lost connection: TextComponent{text='Disconnected', siblings=[], style=Style{hasParent=false, color=null, bold=null, italic=null, underlined=null, obfuscated=null, clickEvent=null, hoverEvent=null}}
[09:37:38] [Server thread/INFO]: Mrrussiandonkey left the game
[09:37:44] [Server thread/INFO]: Stopping the server
[09:37:44] [Server thread/INFO]: Stopping server
[09:37:44] [Server thread/INFO]: Saving players
[09:37:44] [Server thread/INFO]: Saving worlds
[09:37:44] [Server thread/INFO]: Saving chunks for level 'Wrath of the Fallen 1.7'/Overworld
[09:37:44] [Server thread/INFO]: Saving chunks for level 'Wrath of the Fallen 1.7'/Nether
[09:37:44] [Server thread/INFO]: Saving chunks for level 'Wrath of the Fallen 1.7'/The End
[09:37:45] [Server Shutdown Thread/INFO]: Stopping server
[09:37:45] [Server Shutdown Thread/INFO]: Saving players
[09:37:45] [Server Shutdown Thread/INFO]: Saving worlds
